[debug] [2023-03-26T20:19:02.025Z] ----------------------------------------------------------------------
[debug] [2023-03-26T20:19:02.029Z] Command:       C:\Program Files\nodejs\node.exe C:\Users\user\AppData\Roaming\npm\node_modules\firebase-tools\lib\bin\firebase.js init
[debug] [2023-03-26T20:19:02.030Z] CLI Version:   11.25.1
[debug] [2023-03-26T20:19:02.031Z] Platform:      win32
[debug] [2023-03-26T20:19:02.031Z] Node Version:  v16.17.1
[debug] [2023-03-26T20:19:02.032Z] Time:          Sun Mar 26 2023 22:19:02 GMT+0200 (hora de verano de Europa central)
[debug] [2023-03-26T20:19:02.033Z] ----------------------------------------------------------------------
[debug] 
[debug] [2023-03-26T20:19:02.053Z] > command requires scopes: ["email","openid","https://www.googleapis.com/auth/cloudplatformprojects.readonly","https://www.googleapis.com/auth/firebase","https://www.googleapis.com/auth/cloud-platform"]
[debug] [2023-03-26T20:19:02.054Z] > authorizing via signed-in user (contacto.karlawyer@gmail.com)
[info] 
     ######## #### ########  ######## ########     ###     ######  ########
     ##        ##  ##     ## ##       ##     ##  ##   ##  ##       ##
     ######    ##  ########  ######   ########  #########  ######  ######
     ##        ##  ##    ##  ##       ##     ## ##     ##       ## ##
     ##       #### ##     ## ######## ########  ##     ##  ######  ########

You're about to initialize a Firebase project in this directory:

  C:\Users\user\Desktop\Programacion\Proyectos programación\karlawer\karlawyer

[info] 
=== Project Setup
[info] 
[info] First, let's associate this project directory with a Firebase project.
[info] You can create multiple project aliases by running firebase use --add, 
[info] but for now we'll just set up a default project.
[info] 
[debug] [2023-03-26T20:21:15.940Z] >>> [apiv2][query] GET https://firebase.googleapis.com/v1beta1/projects pageSize=100
[debug] [2023-03-26T20:21:16.717Z] <<< [apiv2][status] GET https://firebase.googleapis.com/v1beta1/projects 200
[debug] [2023-03-26T20:21:16.718Z] <<< [apiv2][body] GET https://firebase.googleapis.com/v1beta1/projects [omitted]
[info] i  Using project karlawyer-3efd3 (karlawyer) 
[info] 
=== Hosting Setup
[info] 
[info] Your public directory is the folder (relative to your project directory) that
[info] will contain Hosting assets to be uploaded with firebase deploy. If you
[info] have a build process for your assets, use your build's output directory.
[info] 
[info] +  Wrote build/404.html 
[debug] [2023-03-26T20:22:41.244Z] >>> [apiv2][query] GET https://www.gstatic.com/firebasejs/releases.json [none]
[debug] [2023-03-26T20:22:41.414Z] <<< [apiv2][status] GET https://www.gstatic.com/firebasejs/releases.json 200
[debug] [2023-03-26T20:22:41.415Z] <<< [apiv2][body] GET https://www.gstatic.com/firebasejs/releases.json {"current":{"version":"9.18.0","browserURL":"https://www.gstatic.com/firebasejs/9.18.0/firebase.js","packageURL":"https://www.gstatic.com/firebasejs/9.18.0/firebase.tgz"},"live":{"version":"9.18","browserURL":"https://www.gstatic.com/firebasejs/live/9.18/firebase.js","packageURL":"https://www.gstatic.com/firebasejs/live/9.18/firebase.tgz"},"components":{"analytics":"https://www.gstatic.com/firebasejs/9.18.0/firebase-analytics.js","app":"https://www.gstatic.com/firebasejs/9.18.0/firebase-app.js","app-check":"https://www.gstatic.com/firebasejs/9.18.0/firebase-app-check.js","auth":"https://www.gstatic.com/firebasejs/9.18.0/firebase-auth.js","auth/cordova":"https://www.gstatic.com/firebasejs/9.18.0/firebase-auth/cordova.js","auth/react-native":"https://www.gstatic.com/firebasejs/9.18.0/firebase-auth/react-native.js","functions":"https://www.gstatic.com/firebasejs/9.18.0/firebase-functions.js","firestore":"https://www.gstatic.com/firebasejs/9.18.0/firebase-firestore.js","firestore/lite":"https://www.gstatic.com/firebasejs/9.18.0/firebase-firestore/lite.js","installations":"https://www.gstatic.com/firebasejs/9.18.0/firebase-installations.js","storage":"https://www.gstatic.com/firebasejs/9.18.0/firebase-storage.js","performance":"https://www.gstatic.com/firebasejs/9.18.0/firebase-performance.js","remote-config":"https://www.gstatic.com/firebasejs/9.18.0/firebase-remote-config.js","messaging":"https://www.gstatic.com/firebasejs/9.18.0/firebase-messaging.js","messaging/sw":"https://www.gstatic.com/firebasejs/9.18.0/firebase-messaging/sw.js","database":"https://www.gstatic.com/firebasejs/9.18.0/firebase-database.js","firestore.memory":"https://www.gstatic.com/firebasejs/9.18.0/firebase-firestore.memory.js"}}
[info] +  Wrote build/index.html 
[info] 
[info] i  Detected a .git folder at C:\Users\user\Desktop\Programacion\Proyectos programación\karlawer\karlawyer 
[info] i  Authorizing with GitHub to upload your service account to a GitHub repository's secrets store. 
[info] 
[info] Visit this URL on this device to log in:
[info] https://github.com/login/oauth/authorize?client_id=89cf50f02ac6aaed3484&state=555766220&redirect_uri=http%3A%2F%2Flocalhost%3A9005&scope=read%3Auser%20repo%20public_repo
[info] 
[info] Waiting for authentication...
[debug] [2023-03-26T20:22:55.556Z] >>> [apiv2][query] POST https://github.com/login/oauth/access_token [none]
[debug] [2023-03-26T20:22:55.557Z] >>> [apiv2][body] POST https://github.com/login/oauth/access_token [stream]
[debug] [2023-03-26T20:22:55.963Z] <<< [apiv2][status] POST https://github.com/login/oauth/access_token 200
[debug] [2023-03-26T20:22:55.963Z] <<< [apiv2][body] POST https://github.com/login/oauth/access_token {"access_token":"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","token_type":"bearer","scope":"read:user,repo"}
[debug] [2023-03-26T20:22:55.981Z] >>> [apiv2][query] GET https://api.github.com/user [none]
[debug] [2023-03-26T20:22:56.461Z] <<< [apiv2][status] GET https://api.github.com/user 200
[debug] [2023-03-26T20:22:56.461Z] <<< [apiv2][body] GET https://api.github.com/user {"login":"IvoNico","id":91257804,"node_id":"MDQ6VXNlcjkxMjU3ODA0","avatar_url":"https://avatars.githubusercontent.com/u/91257804?v=4","gravatar_id":"","url":"https://api.github.com/users/IvoNico","html_url":"https://github.com/IvoNico","followers_url":"https://api.github.com/users/IvoNico/followers","following_url":"https://api.github.com/users/IvoNico/following{/other_user}","gists_url":"https://api.github.com/users/IvoNico/gists{/gist_id}","starred_url":"https://api.github.com/users/IvoNico/starred{/owner}{/repo}","subscriptions_url":"https://api.github.com/users/IvoNico/subscriptions","organizations_url":"https://api.github.com/users/IvoNico/orgs","repos_url":"https://api.github.com/users/IvoNico/repos","events_url":"https://api.github.com/users/IvoNico/events{/privacy}","received_events_url":"https://api.github.com/users/IvoNico/received_events","type":"User","site_admin":false,"name":"Ivo Nicolás Chapochnikoff","company":null,"blog":"","location":null,"email":null,"hireable":null,"bio":null,"twitter_username":"IvoNicolasChap1","public_repos":22,"public_gists":0,"followers":0,"following":0,"created_at":"2021-09-23T10:31:17Z","updated_at":"2023-03-26T20:22:50Z","private_gists":0,"total_private_repos":0,"owned_private_repos":0,"disk_usage":40591,"collaborators":0,"two_factor_authentication":false,"plan":{"name":"free","space":976562499,"collaborators":0,"private_repos":10000}}
[info] 
[info] +  Success! Logged into GitHub as IvoNico 
[info] 
[debug] [2023-03-26T20:23:44.290Z] >>> [apiv2][query] GET https://api.github.com/repos//actions/secrets/public-key type=owner
[debug] [2023-03-26T20:23:44.638Z] <<< [apiv2][status] GET https://api.github.com/repos//actions/secrets/public-key 404
[debug] [2023-03-26T20:23:44.638Z] <<< [apiv2][body] GET https://api.github.com/repos//actions/secrets/public-key {"message":"Not Found","documentation_url":"https://docs.github.com/rest"}
[debug] [2023-03-26T20:23:46.882Z] >>> [apiv2][query] GET https://api.github.com/repos/y/actions/secrets/public-key type=owner
[debug] [2023-03-26T20:23:47.201Z] <<< [apiv2][status] GET https://api.github.com/repos/y/actions/secrets/public-key 404
[debug] [2023-03-26T20:23:47.202Z] <<< [apiv2][body] GET https://api.github.com/repos/y/actions/secrets/public-key {"message":"Not Found","documentation_url":"https://docs.github.com/rest"}
[debug] [2023-03-26T20:23:51.056Z] >>> [apiv2][query] GET https://api.github.com/repos/yes/actions/secrets/public-key type=owner
[debug] [2023-03-26T20:23:51.358Z] <<< [apiv2][status] GET https://api.github.com/repos/yes/actions/secrets/public-key 404
[debug] [2023-03-26T20:23:51.358Z] <<< [apiv2][body] GET https://api.github.com/repos/yes/actions/secrets/public-key {"message":"Not Found","documentation_url":"https://docs.github.com/rest"}
[debug] [2023-03-26T20:24:24.172Z] >>> [apiv2][query] GET https://api.github.com/repos/user/repository/actions/secrets/public-key type=owner
[debug] [2023-03-26T20:24:24.517Z] <<< [apiv2][status] GET https://api.github.com/repos/user/repository/actions/secrets/public-key 404
[debug] [2023-03-26T20:24:24.518Z] <<< [apiv2][body] GET https://api.github.com/repos/user/repository/actions/secrets/public-key {"message":"Not Found","documentation_url":"https://docs.github.com/rest/reference/actions#get-a-repository-public-key"}
[debug] [2023-03-26T20:24:28.991Z] >>> [apiv2][query] GET https://api.github.com/repos//actions/secrets/public-key type=owner
[debug] [2023-03-26T20:24:29.281Z] <<< [apiv2][status] GET https://api.github.com/repos//actions/secrets/public-key 404
[debug] [2023-03-26T20:24:29.281Z] <<< [apiv2][body] GET https://api.github.com/repos//actions/secrets/public-key {"message":"Not Found","documentation_url":"https://docs.github.com/rest"}
[debug] [2023-03-26T20:25:01.986Z] >>> [apiv2][query] GET https://api.github.com/repos/no/actions/secrets/public-key type=owner
[debug] [2023-03-26T20:25:02.415Z] <<< [apiv2][status] GET https://api.github.com/repos/no/actions/secrets/public-key 404
[debug] [2023-03-26T20:25:02.415Z] <<< [apiv2][body] GET https://api.github.com/repos/no/actions/secrets/public-key {"message":"Not Found","documentation_url":"https://docs.github.com/rest"}
[debug] [2023-03-26T20:25:03.166Z] >>> [apiv2][query] GET https://api.github.com/repos/no/actions/secrets/public-key type=owner
[debug] [2023-03-26T20:25:03.471Z] <<< [apiv2][status] GET https://api.github.com/repos/no/actions/secrets/public-key 404
[debug] [2023-03-26T20:25:03.472Z] <<< [apiv2][body] GET https://api.github.com/repos/no/actions/secrets/public-key {"message":"Not Found","documentation_url":"https://docs.github.com/rest"}
[debug] [2023-03-26T20:25:03.980Z] >>> [apiv2][query] GET https://api.github.com/repos/no/actions/secrets/public-key type=owner
[debug] [2023-03-26T20:25:04.298Z] <<< [apiv2][status] GET https://api.github.com/repos/no/actions/secrets/public-key 404
[debug] [2023-03-26T20:25:04.299Z] <<< [apiv2][body] GET https://api.github.com/repos/no/actions/secrets/public-key {"message":"Not Found","documentation_url":"https://docs.github.com/rest"}
[debug] [2023-03-26T20:25:13.900Z] >>> [apiv2][query] GET https://api.github.com/repos/what/actions/secrets/public-key type=owner
[debug] [2023-03-26T20:25:14.277Z] <<< [apiv2][status] GET https://api.github.com/repos/what/actions/secrets/public-key 404
[debug] [2023-03-26T20:25:14.279Z] <<< [apiv2][body] GET https://api.github.com/repos/what/actions/secrets/public-key {"message":"Not Found","documentation_url":"https://docs.github.com/rest"}
[debug] [2023-03-26T20:25:16.975Z] >>> [apiv2][query] GET https://api.github.com/repos/help/actions/secrets/public-key type=owner
[debug] [2023-03-26T20:25:17.288Z] <<< [apiv2][status] GET https://api.github.com/repos/help/actions/secrets/public-key 404
[debug] [2023-03-26T20:25:17.296Z] <<< [apiv2][body] GET https://api.github.com/repos/help/actions/secrets/public-key {"message":"Not Found","documentation_url":"https://docs.github.com/rest"}
